  源.c
C:\Users\Administrator\Desktop\试胆竞速\二面\Cyber-Prisoner接收端\Project1\Project1\源.c(35,12): warning C4244: “函数”: 从“SOCKET”转换到“int”，可能丢失数据
C:\Users\Administrator\Desktop\试胆竞速\二面\Cyber-Prisoner接收端\Project1\Project1\源.c(43,33): warning C4133: “函数”: 从“sockaddr_in *”到“const sockaddr *”的类型不兼容
C:\Users\Administrator\Desktop\试胆竞速\二面\Cyber-Prisoner接收端\Project1\Project1\源.c(60,49): warning C4133: “函数”: 从“sockaddr_in *”到“sockaddr *”的类型不兼容
C:\Users\Administrator\Desktop\试胆竞速\二面\Cyber-Prisoner接收端\Project1\Project1\源.c(61,28): warning C4244: “函数”: 从“SOCKET”转换到“int”，可能丢失数据
C:\Users\Administrator\Desktop\试胆竞速\二面\Cyber-Prisoner接收端\Project1\Project1\源.c(64,32): warning C4047: “函数”:“SIZE_T”与“void *”的间接级别不同
C:\Users\Administrator\Desktop\试胆竞速\二面\Cyber-Prisoner接收端\Project1\Project1\源.c(64,28): warning C4024: “CreateThread”: 形参和实参 2 的类型不同
C:\Users\Administrator\Desktop\试胆竞速\二面\Cyber-Prisoner接收端\Project1\Project1\源.c(64,75): warning C4312: “类型强制转换”: 从“int”转换到更大的“LPVOID”
C:\Users\Administrator\Desktop\试胆竞速\二面\Cyber-Prisoner接收端\Project1\Project1\源.c(64,81): warning C4047: “函数”:“DWORD”与“void *”的间接级别不同
C:\Users\Administrator\Desktop\试胆竞速\二面\Cyber-Prisoner接收端\Project1\Project1\源.c(64,77): warning C4024: “CreateThread”: 形参和实参 5 的类型不同
C:\Users\Administrator\Desktop\试胆竞速\二面\Cyber-Prisoner接收端\Project1\Project1\源.c(78,45): warning C4133: “函数”: 从“sockaddr_in *”到“sockaddr *”的类型不兼容
C:\Users\Administrator\Desktop\试胆竞速\二面\Cyber-Prisoner接收端\Project1\Project1\源.c(79,24): warning C4244: “函数”: 从“SOCKET”转换到“int”，可能丢失数据
C:\Users\Administrator\Desktop\试胆竞速\二面\Cyber-Prisoner接收端\Project1\Project1\源.c(138,56): error C2143: 语法错误: 缺少“;”(在“{”的前面)
C:\Users\Administrator\Desktop\试胆竞速\二面\Cyber-Prisoner接收端\Project1\Project1\源.c(139,16): error C2065: “redata”: 未声明的标识符
C:\Users\Administrator\Desktop\试胆竞速\二面\Cyber-Prisoner接收端\Project1\Project1\源.c(139,24): error C2065: “error”: 未声明的标识符
C:\Users\Administrator\Desktop\试胆竞速\二面\Cyber-Prisoner接收端\Project1\Project1\源.c(140,24): error C2065: “showinfo”: 未声明的标识符
C:\Users\Administrator\Desktop\试胆竞速\二面\Cyber-Prisoner接收端\Project1\Project1\源.c(140,24): warning C4047: “函数”:“const char *”与“int”的间接级别不同
C:\Users\Administrator\Desktop\试胆竞速\二面\Cyber-Prisoner接收端\Project1\Project1\源.c(140,16): warning C4024: “perror”: 形参和实参 1 的类型不同
C:\Users\Administrator\Desktop\试胆竞速\二面\Cyber-Prisoner接收端\Project1\Project1\源.c(142,18): warning C4098: “func”:“void”函数返回值
C:\Users\Administrator\Desktop\试胆竞速\二面\Cyber-Prisoner接收端\Project1\Project1\源.c(144,13): warning C4098: “func”:“void”函数返回值
C:\Users\Administrator\Desktop\试胆竞速\二面\Cyber-Prisoner接收端\Project1\Project1\源.c(148,34): error C2143: 语法错误: 缺少“;”(在“{”的前面)
C:\Users\Administrator\Desktop\试胆竞速\二面\Cyber-Prisoner接收端\Project1\Project1\源.c(149,11): error C2065: “a”: 未声明的标识符
C:\Users\Administrator\Desktop\试胆竞速\二面\Cyber-Prisoner接收端\Project1\Project1\源.c(150,15): error C2065: “b”: 未声明的标识符
C:\Users\Administrator\Desktop\试胆竞速\二面\Cyber-Prisoner接收端\Project1\Project1\源.c(159,15): error C2065: “b”: 未声明的标识符
C:\Users\Administrator\Desktop\试胆竞速\二面\Cyber-Prisoner接收端\Project1\Project1\源.c(171,20): error C2143: 语法错误: 缺少“;”(在“{”的前面)
C:\Users\Administrator\Desktop\试胆竞速\二面\Cyber-Prisoner接收端\Project1\Project1\源.c(187,32): error C2143: 语法错误: 缺少“;”(在“{”的前面)
C:\Users\Administrator\Desktop\试胆竞速\二面\Cyber-Prisoner接收端\Project1\Project1\源.c(189,78): error C2065: “a”: 未声明的标识符
C:\Users\Administrator\Desktop\试胆竞速\二面\Cyber-Prisoner接收端\Project1\Project1\源.c(190,78): error C2065: “b”: 未声明的标识符
C:\Users\Administrator\Desktop\试胆竞速\二面\Cyber-Prisoner接收端\Project1\Project1\源.c(97): fatal  error C1075: “{”: 未找到匹配令牌
